sudo reboot
[?2004l
[sudo] password for radxa: 
[?2004hradxa@rock-5b-plus:~$ [?2004l
[?2004h[?2004l

[2J[3J[-1;-1f[[0;32m  OK  [0m] Stopped [0;1;39muser@1000.service[0m - User Manager for UID 1000.


[[0;32m  OK  [0m] Stopped [0;1;39mzramswap.service[0m - Linux zramswap setup.


[[0;32m  OK  [0m] Started [0;1;39mplymouth-reboot.service[0m - Show Plymouth Reboot Screen.


[[0;32m  OK  [0m] Stopped [0;1;39msession-c1.scope[0m - Session c1 of User Debian-gdm.


         Stopping [0;1;39msystemd-logind.service[0m - User Login Management...


         Stopping [0;1;39muser-runtime-dir@1000.service[0m - User Runtime Directory /run/user/1000...


         Stopping [0;1;39muser@107.service[0m - User Manager for UID 107...


[[0;32m  OK  [0m] Unmounted [0;1;39mrun-user-1000.mount[0m - /run/user/1000.


[[0;32m  OK  [0m] Stopped [0;1;39muser-runtime-dir@1000.service[0m - User Runtime Directory /run/user/1000.


[[0;32m  OK  [0m] Removed slice [0;1;39muser-1000.slice[0m - User Slice of UID 1000.


[[0;32m  OK  [0m] Stopped [0;1;39muser@107.service[0m - User Manager for UID 107.


[[0;32m  OK  [0m] Stopped [0;1;39msystemd-logind.service[0m - User Login Management.


         Stopping [0;1;39msystemd-user-sessions.service[0m - Permit User Sessions...


         Stopping [0;1;39muser-runtime-dir@107.service[0m - User Runtime Directory /run/user/107...


[[0;32m  OK  [0m] Unmounted [0;1;39mrun-user-107.mount[0m - /run/user/107.


[[0;32m  OK  [0m] Stopped [0;1;39msystemd-user-sessions.service[0m - Permit User Sessions.


[[0;32m  OK  [0m] Stopped target [0;1;39mnetwork.target[0m - Network.


[[0;32m  OK  [0m] Stopped target [0;1;39mnss-user-lookup.target[0m - User and Group Name Lookups.


[[0;32m  OK  [0m] Stopped target [0;1;39mremote-fs.target[0m - Remote File Systems.


         Stopping [0;1;39mNetworkManager.service[0m - Network Manager...


         Stopping [0;1;39mwpa_supplicant.service[0m - WPA supplicant...


[[0;32m  OK  [0m] Stopped [0;1;39muser-runtime-dir@107.service[0m - User Runtime Directory /run/user/107.


[[0;32m  OK  [0m] Removed slice [0;1;39muser-107.slice[0m - User Slice of UID 107.


[[0;32m  OK  [0m] Stopped [0;1;39mwpa_supplicant.service[0m - WPA supplicant.


[[0;32m  OK  [0m] Stopped [0;1;39mNetworkManager.service[0m - Network Manager.


         Stopping [0;1;39mdbus.service[0m - D-Bus System Message Bus...


[[0;32m  OK  [0m] Stopped [0;1;39mdbus.service[0m - D-Bus System Message Bus.


[[0;32m  OK  [0m] Stopped target [0;1;39mbasic.target[0m - Basic System.


[[0;32m  OK  [0m] Stopped [0;1;39msystemd-ask-password-plymouth.path[0m - Forward Password Requests to Plymouth Directory Watch.


[[0;32m  OK  [0m] Stopped target [0;1;39mpaths.target[0m - Path Units.


[[0;32m  OK  [0m] Stopped [0;1;39mcups.path[0m - CUPS Scheduler.


[[0;32m  OK  [0m] Stopped target [0;1;39mslices.target[0m - Slice Units.


[[0;32m  OK  [0m] Removed slice [0;1;39muser.slice[0m - User and Session Slice.


[[0;32m  OK  [0m] Stopped target [0;1;39msockets.target[0m - Socket Units.


[[0;32m  OK  [0m] Closed [0;1;39mavahi-daemon.socket[0m - Avahi mDNS/DNS-SD Stack Activation Socket.


[[0;32m  OK  [0m] Closed [0;1;39mcups.socket[0m - CUPS Scheduler.


[[0;32m  OK  [0m] Closed [0;1;39mdbus.socket[0m - D-Bus System Message Bus Socket.


[[0;32m  OK  [0m] Stopped target [0;1;39msysinit.target[0m - System Initialization.


[[0;32m  OK  [0m] Stopped target [0;1;39mcryptsetup.target[0m - Local Encrypted Volumes.


[[0;32m  OK  [0m] Stopped [0;1;39msystemd-ask-password-wall.path[0m - Forward Password Requests to Wall Directory Watch.


[[0;32m  OK  [0m] Stopped target [0;1;39mintegritysetup.target[0m - Local Integrity Protected Volumes.


[[0;32m  OK  [0m] Stopped target [0;1;39mswap.target[0m - Swaps.


[[0;32m  OK  [0m] Stopped target [0;1;39mveritysetup.target[0m - Local Verity Protected Volumes.


         Stopping [0;1;39msystemd-binfmt.service[0m - Set Up Additional Binary Formats...


[[0;32m  OK  [0m] Stopped [0;1;39msystemd-boot-update.service[0m - Automatic Boot Loader Update.


[[0;32m  OK  [0m] Stopped [0;1;39msystemd-pstore.service[0m - Platform Persistent Storage Archival.


[[0;32m  OK  [0m] Stopped [0;1;39msystemd-sysctl.service[0m - Apply Kernel Variables.


[[0;32m  OK  [0m] Stopped [0;1;39msystemd-modules-load.service[0m - Load Kernel Modules.


         Stopping [0;1;39msystemd-timesyncd.service[0m - Network Time Synchronization...


         Stopping [0;1;39msystemd-update-utmp.service[0m - Record System Boot/Shutdown in UTMP...


[[0;32m  OK  [0m] Unmounted [0;1;39mrun-credentials-systemd\x2dsysctl.service.mount[0m - /run/credentials/systemd-sysctl.service.


[[0;32m  OK  [0m] Stopped [0;1;39msystemd-timesyncd.service[0m - Network Time Synchronization.


[[0;32m  OK  [0m] Stopped [0;1;39msystemd-binfmt.service[0m - Set Up Additional Binary Formats.


[[0;32m  OK  [0m] Unset automount [0;1;39mproc-sys-fs-binfmt_misc.automount[0m - Arbitrary Executable File Formats File System Automount Point.


[[0;32m  OK  [0m] Stopped [0;1;39msystemd-update-utmp.service[0m - Record System Boot/Shutdown in UTMP.


[[0;32m  OK  [0m] Stopped [0;1;39msystemd-tmpfiles-setup.service[0m - Create Volatile Files and Directories.


[[0;32m  OK  [0m] Stopped target [0;1;39mlocal-fs.target[0m - Local File Systems.


         Unmounting [0;1;39mboot-efi.mount[0m - /boot/efi...


         Unmounting [0;1;39mconfig.mount[0m - /config...


         Unmounting [0;1;39mrun-credentials-systemd\x2dsysusers.service.mount[0m - /run/credentials/systemd-sysusers.service...


         Unmounting [0;1;39mrun-credentials-systemd\x2dtmpfiles\x2dsetup.service.mount[0m - /run/credentials/systemd-tmpfiles-setup.service...


         Unmounting [0;1;39mrun-credentials-systemd\x2dtmpfiles\x2dsetup\x2ddev.service.mount[0m - /run/credentials/systemd-tmpfiles-setup-dev.service...


[[0;32m  OK  [0m] Unmounted [0;1;39mrun-credentials-systemd\x2dtmpfiles\x2dsetup.service.mount[0m - /run/credentials/systemd-tmpfiles-setup.service.


[[0;32m  OK  [0m] Unmounted [0;1;39mboot-efi.mount[0m - /boot/efi.


[[0;32m  OK  [0m] Unmounted [0;1;39mconfig.mount[0m - /config.


[[0;32m  OK  [0m] Unmounted [0;1;39mrun-credentials-systemd\x2dsysusers.service.mount[0m - /run/credentials/systemd-sysusers.service.


[[0;32m  OK  [0m] Unmounted [0;1;39mrun-credentials-systemd\x2dtmpfiles\x2dsetup\x2ddev.service.mount[0m - /run/credentials/systemd-tmpfiles-setup-dev.service.


[[0;32m  OK  [0m] Unset automount [0;1;39mboot-efi.automount[0m.


[[0;32m  OK  [0m] Unset automount [0;1;39mconfig.automount[0m.


[[0;32m  OK  [0m] Stopped target [0;1;39mlocal-fs-pre.target[0m - Preparation for Local File Systems.


[[0;32m  OK  [0m] Reached target [0;1;39mumount.target[0m - Unmount All Filesystems.


[[0;32m  OK  [0m] Stopped [0;1;39msystemd-tmpfiles-setup-dev.service[0m - Create Static Device Nodes in /dev.


[[0;32m  OK  [0m] Stopped [0;1;39msystemd-sysusers.service[0m - Create System Users.


[[0;32m  OK  [0m] Stopped [0;1;39msystemd-remount-fs.service[0m - Remount Root and Kernel File Systems.


[[0;32m  OK  [0m] Reached target [0;1;39mshutdown.target[0m - System Shutdown.


[[0;32m  OK  [0m] Reached target [0;1;39mfinal.target[0m - Late Shutdown Services.


[[0;32m  OK  [0m] Finished [0;1;39msystemd-reboot.service[0m - System Reboot.


[[0;32m  OK  [0m] Reached target [0;1;39mreboot.target[0m - System Reboot.


[  302.097123] rockchip-i2s-tdm fddf8000.i2s: failed to clear 1 on slave mode
[  302.107478] reboot: Restarting system
 DDR 9fffbe1e78 cym 24/02/04-10:09:20,fwver: v1.16
LPDDR5, 2400MHz
channel[0] BW=16 Col=10 Bk=16 CS0 Row=16 CS=1 Die BW=16 Size=2048MB
channel[1] BW=16 Col=10 Bk=16 CS0 Row=16 CS=1 Die BW=16 Size=2048MB
channel[2] BW=16 Col=10 Bk=16 CS0 Row=16 CS=1 Die BW=16 Size=2048MB
channel[3] BW=16 Col=10 Bk=16 CS0 Row=16 CS=1 Die BW=16 Size=2048MB
Manufacturer ID:0x6
CH0 RX Vref:30.5%, TX Vref:20.0%,0.0%
CH1 RX Vref:30.5%, TX Vref:19.0%,0.0%
CH2 RX Vref:29.7%, TX Vref:20.0%,0.0%
CH3 RX Vref:30.1%, TX Vref:18.0%,0.0%
change to F1: 534MHz
change to F2: 1320MHz
change to F3: 1968MHz
change to F0: 2400MHz
out
U-Boot SPL board init
U-Boot SPL rknext-2017.09-33-f73b1ee-gaa35ac0 #runner (Aug 06 2024 - 08:45:30)
Trying to boot from MMC2
spl: partition error
Trying fit image at 0x4000 sector
## Verified-boot: 0
## Checking atf-1 0x00040000 ... sha256(a7d1d8d191...) + OK
## Checking uboot 0x00200000 ... sha256(960ca0839f...) + OK
## Checking fdt 0x00324608 ... sha256(117b17f200...) + OK
## Checking atf-2 0xff100000 ... sha256(4b2065349b...) + OK
## Checking atf-3 0x000f0000 ... sha256(aa71013e72...) + OK
Jumping to U-Boot(0x00200000) via ARM Trusted Firmware(0x00040000)
Total: 631.707/818.694 ms

INFO:    Preloader serial: 2
NOTICE:  BL31: v2.3():v2.3-682-g4ca8a8422:derrick.huang, fwver: v1.45
NOTICE:  BL31: Built : 10:11:21, Dec 27 2023
INFO:    spec: 0x1
INFO:    code: 0x88
INFO:    ext 32k is not valid
INFO:    ddr: stride-en 4CH
INFO:    GICv3 without legacy support detected.
INFO:    ARM GICv3 driver initialized in EL3
INFO:    valid_cpu_msk=0xff bcore0_rst = 0x0, bcore1_rst = 0x0
INFO:    l3 cache partition cfg-0
INFO:    system boots from cpu-hwid-0
INFO:    disable memory repair
INFO:    idle_st=0x21fff, pd_st=0x11fff9, repair_st=0xfff70001
INFO:    dfs DDR fsp_params[0].freq_mhz= 2400MHz
INFO:    dfs DDR fsp_params[1].freq_mhz= 534MHz
INFO:    dfs DDR fsp_params[2].freq_mhz= 1320MHz
INFO:    dfs DDR fsp_params[3].freq_mhz= 1968MHz
INFO:    BL31: Initialising Exception Handling Framework
INFO:    BL31: Initializing runtime services
WARNING: No OPTEE provided by BL2 boot loader, Booting device without OPTEE initialization. SMC`s destined for OPTEE will return SMC_UNK
ERROR:   Error initializing runtime service opteed_fast
INFO:    BL31: Preparing for EL3 exit to normal world
INFO:    Entry point address = 0x200000
INFO:    SPSR = 0x3c9


U-Boot rknext-2017.09-33-f73b1ee-gaa35ac0 #runner (Aug 06 2024 - 08:45:28 +0000)

Model: Radxa ROCK 5B+
MPIDR: 0x81000000
PreSerial: 2, raw, 0xfeb50000
DRAM:  8 GiB
Sysmem: init
Relocation Offset: eda39000
Relocation fdt: eb9f82e0 - eb9fecd8
CR: M/C/I
Using default environment

DM: v2
mmc@fe2c0000: 1, mmc@fe2e0000: 0
Bootdev(assign): mmc 0
MMC0: HS400 Enhanced Strobe, 200Mhz
## Unknown partition table type 0
PartType: <NULL>
No misc partition
boot mode: normal
FIT: No boot partition
Failed to load DTB, ret=-2
No valid DTB, ret=-22
Failed to get kernel dtb, ret=-22
Model: Radxa ROCK 5B+
MPIDR: 0x81000000
starting USB...
Bus usb@fc800000: USB EHCI 1.00
Bus usb@fc840000: USB OHCI 1.0
Bus usb@fc880000: USB EHCI 1.00
Bus usb@fc8c0000: USB OHCI 1.0
Bus usb@fcd00000: usb maximum-speed not found
Register 2000140 NbrPorts 2
Starting the controller
USB XHCI 1.10
scanning bus usb@fc800000 for devices... 2 USB Device(s) found
scanning bus usb@fc840000 for devices... 1 USB Device(s) found
scanning bus usb@fc880000 for devices... 1 USB Device(s) found
scanning bus usb@fc8c0000 for devices... 1 USB Device(s) found
scanning bus usb@fcd00000 for devices... 1 USB Device(s) found
       scanning usb for storage devices... 0 Storage Device(s) found
No usb mass storage found
CLK: (sync kernel. arm: enter 1008000 KHz, init 1008000 KHz, kernel 0N/A)
  b0pll 24000 KHz
  b1pll 24000 KHz
  lpll 24000 KHz
  v0pll 24000 KHz
  aupll 24000 KHz
  cpll 1500000 KHz
  gpll 1188000 KHz
  npll 24000 KHz
  ppll 1100000 KHz
  aclk_center_root 702000 KHz
  pclk_center_root 100000 KHz
  hclk_center_root 396000 KHz
  aclk_center_low_root 500000 KHz
  aclk_top_root 750000 KHz
  pclk_top_root 100000 KHz
  aclk_low_top_root 396000 KHz
Net:   No ethernet found.
Hit Ctrl+C key in 0 seconds to stop autoboot...

Device 0: unknown device
switch to partitions #0, OK
mmc1 is current device
Scanning mmc 1:2...
Scanning mmc 1:3...
Found /boot/extlinux/extlinux.conf
Retrieving file: /boot/extlinux/extlinux.conf
1169 bytes read in 10 ms (113.3 KiB/s)
U-Boot menu
1:	Debian GNU/Linux 12 (bookworm) 6.1.43-15-rk2312
2:	Debian GNU/Linux 12 (bookworm) 6.1.43-15-rk2312 (rescue target)
Enter choice: 1:	Debian GNU/Linux 12 (bookworm) 6.1.43-15-rk2312
Retrieving file: /boot/initrd.img-6.1.43-15-rk2312
16021133 bytes read in 1299 ms (11.8 MiB/s)
Retrieving file: /boot/vmlinuz-6.1.43-15-rk2312
35246592 bytes read in 2853 ms (11.8 MiB/s)
append: root=UUID=132943e9-493c-4393-8a92-35608dc6c145 console=ttyFIQ0,1500000n8 quiet splash loglevel=4 rw earlycon consoleblank=0 console=tty1 coherent_pool=2M irqchip.gicv3_pseudo_nmi=0 cgroup_enable=cpuset cgroup_memory=1 cgroup_enable=memory swapaccount=1
Retrieving file: /usr/lib/linux-image-6.1.43-15-rk2312/rockchip/rk3588-rock-5b-plus.dtb
272614 bytes read in 197 ms (1.3 MiB/s)
Fdt Ramdisk skip relocation
No misc partition
## Flattened Device Tree blob at 0x08300000
   Booting using the fdt blob at 0x08300000
   Using Device Tree in place at 0000000008300000, end 00000000083458e5
WARNING: could not set reg FDT_ERR_BADOFFSET.
## reserved-memory:
  cma: addr=10000000 size=10000000
  ramoops@110000: addr=110000 size=e0000
Adding bank: 0x00200000 - 0xf0000000 (size: 0xefe00000)
Adding bank: 0x100000000 - 0x200000000 (size: 0x100000000)
Adding bank: 0x2f0000000 - 0x300000000 (size: 0x10000000)
Total: 12091.826/12969.818 ms

Starting kernel ...

[   12.989933] OF: fdt: Reserved memory: failed to reserve memory for node 'drm-logo@00000000': base 0x0000000000000000, size 0 MiB
[   12.989954] OF: fdt: Reserved memory: failed to reserve memory for node 'drm-cubic-lut@00000000': base 0x0000000000000000, size 0 MiB
[   13.637833] fiq_debugger fiq_debugger.0: error -ENXIO: IRQ fiq not found
[   13.637852] fiq_debugger fiq_debugger.0: error -ENXIO: IRQ wakeup not found
[   13.637861] fiq_debugger_probe: could not install nmi irq handler
[   15.059048] rockchip-vop2 fdd90000.vop: error -ENODEV: _opp_set_regulators: no regulator (vop) found
[   15.059089] rockchip-vop2 fdd90000.vop: failed to set opp config
[   15.059100] rockchip-vop2 fdd90000.vop: failed to init opp info
[   15.059110] rockchip-vop2 fdd90000.vop: failed to init_opp_table
[   15.090680] rk806 spi2.0: no sleep-setting state
[   15.090701] rk806 spi2.0: no reset-setting pinctrl state
[   15.090711] rk806 spi2.0: no dvs-setting pinctrl state
[   15.173976] arm-scmi firmware:scmi: Failed. SCMI protocol 17 not active.
[   15.189220] debugfs: File 'Capture' in directory 'dapm' already present!
[   15.190469] debugfs: File 'Capture' in directory 'dapm' already present!
[   15.249894] mpp-iep2 fdbb0000.iep: allocate roi buffer failed
[   15.251617] mpp_rkvdec2 fdc38100.rkvdec-core: shared_niu_a is not found!
[   15.251635] rkvdec2_init:982: No niu aclk reset resource define
[   15.251646] mpp_rkvdec2 fdc38100.rkvdec-core: shared_niu_h is not found!
[   15.251656] rkvdec2_init:985: No niu hclk reset resource define
[   15.252669] mpp_rkvdec2 fdc48100.rkvdec-core: shared_niu_a is not found!
[   15.252683] rkvdec2_init:982: No niu aclk reset resource define
[   15.252696] mpp_rkvdec2 fdc48100.rkvdec-core: shared_niu_h is not found!
[   15.252706] rkvdec2_init:985: No niu hclk reset resource define
[   15.253732] mpp_rkvenc2 fdbd0000.rkvenc-core: rockchip_init_read_margin: no regulator (venc) found: -19
[   15.254022] mpp_rkvenc2 fdbd0000.rkvenc-core: error -ENODEV: _opp_set_regulators: no regulator (venc) found
[   15.254055] mpp_rkvenc2 fdbd0000.rkvenc-core: failed to set opp config
[   15.254066] mpp_rkvenc2 fdbd0000.rkvenc-core: failed to init opp info
[   15.254077] mpp_rkvenc2 fdbd0000.rkvenc-core: failed to init_opp_table
[   15.254087] rkvenc_init:1870: failed to add venc devfreq
[   15.254960] mpp_rkvenc2 fdbe0000.rkvenc-core: rockchip_init_read_margin: no regulator (venc) found: -19
[   15.255212] mpp_rkvenc2 fdbe0000.rkvenc-core: error -ENODEV: _opp_set_regulators: no regulator (venc) found
[   15.255238] mpp_rkvenc2 fdbe0000.rkvenc-core: failed to set opp config
[   15.255249] mpp_rkvenc2 fdbe0000.rkvenc-core: failed to init opp info
[   15.255260] mpp_rkvenc2 fdbe0000.rkvenc-core: failed to init_opp_table
[   15.255269] rkvenc_init:1870: failed to add venc devfreq
[   15.258917] rockchip-dmc dmc: failed to get vop bandwidth to dmc rate
[   15.258932] rockchip-dmc dmc: failed to get vop pn to msch rl
[   15.265670] RKNPU fdab0000.npu: can't request region for resource [mem 0xfdab0000-0xfdabffff]
[   15.265720] RKNPU fdab0000.npu: can't request region for resource [mem 0xfdac0000-0xfdacffff]
[   15.265741] RKNPU fdab0000.npu: can't request region for resource [mem 0xfdad0000-0xfdadffff]
[   15.269045] debugfs: Directory 'fdab0000.npu-rknpu' with parent 'vdd_npu_s0' already present!
[   15.280626] debugfs: Directory 'fdab0000.npu-rknpu' with parent 'vdd_npu_s0' already present!
[   15.281130] debugfs: File 'uA_load' in directory '/' already present!
[   15.281143] debugfs: File 'min_uV' in directory '/' already present!
[   15.281155] debugfs: File 'max_uV' in directory '/' already present!
[   15.281166] debugfs: File 'constraint_flags' in directory '/' already present!
[   15.817561] rockchip-hdptx-phy-hdmi fed60000.hdmiphy: hdptx phy pll locked!
[   15.817929] rockchip-hdptx-phy-hdmi fed60000.hdmiphy: hdptx phy lane locked!
[2J[3J[-1;-1f[   17.231991] rk_hdmirx fdee0000.hdmirx-controller: hdmirx_cancel_cpu_limit_freq freq qos nod add
[[0;32m  OK  [0m] Finished [0;1;39mplymouth-read-write.service[0m - Tell Plymouth To Write Out Runtime Data.


[[0;32m  OK  [0m] Started [0;1;39msystemd-journald.service[0m - Journal Service.


         Expecting device [0;1;39mdev-disk-by\x2duuid-4A20\x2d2011.device[0m - /dev/disk/by-uuid/4A20-2011...


         Starting [0;1;39msystemd-journal-flush.service[0m - Flush Journal to Persistent Storage...


[[0;32m  OK  [0m] Started [0;1;39msystemd-udevd.service[0m - Rule-based Manager for Device Events and Files.


[[0;32m  OK  [0m] Finished [0;1;39msystemd-udev-trigger.service[0m - Coldplug All udev Devices.


         Starting [0;1;39mplymouth-start.service[0m - Show Plymouth Boot Screen...


[[0;32m  OK  [0m] Found device [0;1;39mdev-ttyFIQ0.device[0m - /dev/ttyFIQ0.


[   17.853988] rk-multicodecs es8316-sound: ASoC: Property 'rockchip,audio-routing' does not exist or its length is not even
[[0;32m  OK  [0m] Started [0;1;39mplymouth-start.service[0m - Show Plymouth Boot Screen.


[   17.910625] rtk_btusb: btusb_open hdev->promisc ==0
[   17.916099] rk-pcie fe160000.pcie: PCIe Link Fail, LTSSM is 0x0, hw_retries=0
[   17.916144] rk-pcie fe160000.pcie: failed to initialize host
[[0;32m  OK  [0m] Found device [0;1;39mdev-disk-by\x2duuid-4A20\x2d2011.device[0m - /dev/disk/by-uuid/4A20-2011.


[[0;32m  OK  [0m] Started [0;1;39msystemd-ask-password-plymouth.path[0m - Forward Password Requests to Plymouth Directory Watch.


[[0;32m  OK  [0m] Reached target [0;1;39mcryptsetup.target[0m - Local Encrypted Volumes.


[[0;32m  OK  [0m] Reached target [0;1;39musb-gadget.target[0m - Hardware activated USB gadget.


[   17.931401] rtk_btusb: fw name is  rtl8852bu_fw
[   17.932442] rtk_btusb: This is not 8723a, use new patch style!
[   17.936149] rk-pcie fe150000.pcie: PCIe Link Fail, LTSSM is 0x0, hw_retries=0
[   17.936281] rk-pcie fe150000.pcie: failed to initialize host
         Starting [0;1;39mmodprobe@dm_mod.service[0m - Load Kernel Module dm_mod...


         Starting [0;1;39mmodprobe@loop.service[0m - Load Kernel Module loop...


         Starting [0;1;39mrkaiq_3A.service[0m - Enable Rockchip camera engine rkaiq...


[[0;32m  OK  [0m] Finished [0;1;39msystemd-journal-flush.service[0m - Flush Journal to Persistent Storage.


[[0;32m  OK  [0m] Finished [0;1;39mmodprobe@dm_mod.service[0m - Load Kernel Module dm_mod.


[[0;32m  OK  [0m] Started [0;1;39mrkaiq_3A.service[0m - Enable Rockchip camera engine rkaiq.


[[0;32m  OK  [0m] Finished [0;1;39mmodprobe@loop.service[0m - Load Kernel Module loop.


[[0;32m  OK  [0m] Listening on [0;1;39msystemd-rfkill.socket[0m - Load/Save RF Kill Switch Status /dev/rfkill Watch.


         Starting [0;1;39mmodprobe@dm_mod.service[0m - Load Kernel Module dm_mod...


         Starting [0;1;39mmodprobe@loop.service[0m - Load Kernel Module loop...


         Starting [0;1;39mrkaiq_3A.service[0m - Enable Rockchip camera engine rkaiq...


         Starting [0;1;39msystemd-tmpfiles-setup.service[0m - Create Volatile Files and Directories...


         Starting [0;1;39msystemd-rfkill.service[0m - Load/Save RF Kill Switch Status...


[[0;32m  OK  [0m] Started [0;1;39mrkaiq_3A.service[0m - Enable Rockchip camera engine rkaiq.


[[0;32m  OK  [0m] Finished [0;1;39mmodprobe@dm_mod.service[0m - Load Kernel Module dm_mod.


[[0;32m  OK  [0m] Finished [0;1;39mmodprobe@loop.service[0m - Load Kernel Module loop.


[[0;32m  OK  [0m] Started [0;1;39msystemd-rfkill.service[0m - Load/Save RF Kill Switch Status.


         Starting [0;1;39mmodprobe@dm_mod.service[0m - Load Kernel Module dm_mod...


         Starting [0;1;39mmodprobe@loop.service[0m - Load Kernel Module loop...


         Starting [0;1;39mrkaiq_3A.service[0m - Enable Rockchip camera engine rkaiq...


[[0;32m  OK  [0m] Finished [0;1;39mmodprobe@dm_mod.service[0m - Load Kernel Module dm_mod.


[[0;32m  OK  [0m] Started [0;1;39mrkaiq_3A.service[0m - Enable Rockchip camera engine rkaiq.


[[0;32m  OK  [0m] Finished [0;1;39mmodprobe@loop.service[0m - Load Kernel Module loop.


         Mounting [0;1;39mboot-efi.mount[0m - /boot/efi...


         Mounting [0;1;39mproc-sys-fs-binfmt_misc.mount[0m - Arbitrary Executable File Formats File System...


[[0;32m  OK  [0m] Mounted [0;1;39mproc-sys-fs-binfmt_misc.mount[0m - Arbitrary Executable File Formats File System.


[[0;32m  OK  [0m] Finished [0;1;39msystemd-binfmt.service[0m - Set Up Additional Binary Formats.


[[0;32m  OK  [0m] Mounted [0;1;39mboot-efi.mount[0m - /boot/efi.


[[0;32m  OK  [0m] Finished [0;1;39msystemd-boot-update.service[0m - Automatic Boot Loader Update.


[[0;32m  OK  [0m] Finished [0;1;39msystemd-tmpfiles-setup.service[0m - Create Volatile Files and Directories.


[   18.283506] Bluetooth: hci0: Failed to read codec capabilities (-22)
[[0;32m  OK  [0m] Started [0;1;39mhaveged.service[0m - Entropy Daemon based on the HAVEGE algorithm.


         Starting [0;1;39msystemd-timesyncd.service[0m - Network Time Synchronization...


         Starting [0;1;39msystemd-update-utmp.service[0m - Record System Boot/Shutdown in UTMP...


[[0;32m  OK  [0m] Finished [0;1;39msystemd-update-utmp.service[0m - Record System Boot/Shutdown in UTMP.


[[0;32m  OK  [0m] Started [0;1;39msystemd-timesyncd.service[0m - Network Time Synchronization.


[[0;32m  OK  [0m] Reached target [0;1;39msysinit.target[0m - System Initialization.


[[0;32m  OK  [0m] Started [0;1;39mcups.path[0m - CUPS Scheduler.


[[0;32m  OK  [0m] Started [0;1;39msystemd-tmpfiles-clean.timer[0m - Daily Cleanup of Temporary Directories.


[[0;32m  OK  [0m] Reached target [0;1;39mpaths.target[0m - Path Units.


[[0;32m  OK  [0m] Reached target [0;1;39mtime-set.target[0m - System Time Set.


[[0;32m  OK  [0m] Started [0;1;39mapt-daily.timer[0m - Daily apt download activities.


[[0;32m  OK  [0m] Started [0;1;39mapt-daily-upgrade.timer[0m - Daily apt upgrade and clean activities.


[[0;32m  OK  [0m] Started [0;1;39mdpkg-db-backup.timer[0m - Daily dpkg database backup timer.


[[0;32m  OK  [0m] Started [0;1;39me2scrub_all.timer[0m - Periodic ext4 Online Metadata Check for All Filesystems.


[[0;32m  OK  [0m] Started [0;1;39mfstrim.timer[0m - Discard unused blocks once a week.


[[0;32m  OK  [0m] Started [0;1;39mfwupd-refresh.timer[0m - Refresh fwupd metadata regularly.


[[0;32m  OK  [0m] Started [0;1;39mman-db.timer[0m - Daily man-db regeneration.


[[0;32m  OK  [0m] Reached target [0;1;39mtimers.target[0m - Timer Units.


[[0;32m  OK  [0m] Listening on [0;1;39mavahi-daemon.socket[0m - Avahi mDNS/DNS-SD Stack Activation Socket.


[[0;32m  OK  [0m] Listening on [0;1;39mcups.socket[0m - CUPS Scheduler.


[[0;32m  OK  [0m] Listening on [0;1;39mdbus.socket[0m - D-Bus System Message Bus Socket.


[[0;32m  OK  [0m] Reached target [0;1;39msockets.target[0m - Socket Units.


[[0;32m  OK  [0m] Reached target [0;1;39mbasic.target[0m - Basic System.


         Starting [0;1;39maccounts-daemon.service[0m - Accounts Service...


         Starting [0;1;39malsa-restore.service[0m - Save/Restore Sound Card State...


         Starting [0;1;39mavahi-daemon.service[0m - Avahi mDNS/DNS-SD Stack...


         Starting [0;1;39mbluetooth.service[0m - Bluetooth service...


         Starting [0;1;39mdbus.service[0m - D-Bus System Message Bus...


         Starting [0;1;39me2scrub_reap.service[0m - Remove Stale Online ext4 Metadata Check Snapshots...


         Starting [0;1;39mlm-sensors.service[0m - Initialize hardware monitoring sensors...


[[0;32m  OK  [0m] Started [0;1;39mrknpu2.service[0m - rknn server daemon.


         Starting [0;1;39mrockchip-chromium-x11-utils.service[0m - Set up runtime environment for Rockchip Chromium...


[[0;32m  OK  [0m] Started [0;1;39mrsetup.service[0m - rsetup configuration service.


         Starting [0;1;39msystemd-logind.service[0m - User Login Management...


         Starting [0;1;39mudisks2.service[0m - Disk Manager...


         Starting [0;1;39mupower.service[0m - Daemon for power management...


         Starting [0;1;39mzramswap.service[0m - Linux zramswap setup...


[[0;32m  OK  [0m] Finished [0;1;39mlm-sensors.service[0m - Initialize hardware monitoring sensors.


[[0;32m  OK  [0m] Finished [0;1;39mzramswap.service[0m - Linux zramswap setup.


[[0;32m  OK  [0m] Finished [0;1;39malsa-restore.service[0m - Save/Restore Sound Card State.


[[0;32m  OK  [0m] Reached target [0;1;39msound.target[0m - Sound Card.


         Mounting [0;1;39mconfig.mount[0m - /config...


[[0;32m  OK  [0m] Finished [0;1;39mrockchip-chromium-x11-utils.service[0m - Set up runtime environment for Rockchip Chromium.


[[0;32m  OK  [0m] Mounted [0;1;39mconfig.mount[0m - /config.


[[0;32m  OK  [0m] Started [0;1;39mdbus.service[0m - D-Bus System Message Bus.


         Starting [0;1;39mNetworkManager.service[0m - Network Manager...


         Starting [0;1;39mwpa_supplicant.service[0m - WPA supplicant...


[[0;32m  OK  [0m] Started [0;1;39msystemd-logind.service[0m - User Login Management.


[[0;32m  OK  [0m] Started [0;1;39mavahi-daemon.service[0m - Avahi mDNS/DNS-SD Stack.


[[0;32m  OK  [0m] Started [0;1;39mbluetooth.service[0m - Bluetooth service.


[[0;32m  OK  [0m] Reached target [0;1;39mbluetooth.target[0m - Bluetooth Support.


         Starting [0;1;39mpolkit.service[0m - Authorization Manager...


         Starting [0;1;39msystemd-hostnamed.service[0m - Hostname Service...


[[0;32m  OK  [0m] Started [0;1;39mupower.service[0m - Daemon for power management.


[[0;32m  OK  [0m] Started [0;1;39mpolkit.service[0m - Authorization Manager.


[[0;32m  OK  [0m] Started [0;1;39maccounts-daemon.service[0m - Accounts Service.


[[0;32m  OK  [0m] Started [0;1;39mwpa_supplicant.service[0m - WPA supplicant.


[[0;32m  OK  [0m] Started [0;1;39msystemd-hostnamed.service[0m - Hostname Service.


[[0;32m  OK  [0m] Started [0;1;39mudisks2.service[0m - Disk Manager.


[[0;32m  OK  [0m] Started [0;1;39mNetworkManager.service[0m - Network Manager.


[[0;32m  OK  [0m] Reached target [0;1;39mnetwork.target[0m - Network.


[[0;32m  OK  [0m] Reached target [0;1;39mradxa-otgutils.target[0m - Radxa USB OTG services.


         Starting [0;1;39mNetworkManager-wait-online.service[0m - Network Manager Wait Online...


         Starting [0;1;39mcups.service[0m - CUPS Scheduler...


         Starting [0;1;39mdnsmasq.service[0m - dnsmasq - A lightweight DHCP and caching DNS server...


         Starting [0;1;39mssh.service[0m - OpenBSD Secure Shell server...


         Starting [0;1;39msystemd-user-sessions.service[0m - Permit User Sessions...


[[0;32m  OK  [0m] Finished [0;1;39msystemd-user-sessions.service[0m - Permit User Sessions.


         Starting [0;1;39mgdm.service[0m - GNOME Display Manager...


         Starting [0;1;39mplymouth-quit-wait.service[0m - Hold until boot process finishes up...


         Starting [0;1;39mNetworkManager-dispatcher.service[0m - Network Manager Script Dispatcher Service...


[[0;32m  OK  [0m] Started [0;1;39mNetworkManager-dispatcher.service[0m - Network Manager Script Dispatcher Service.


[[0;32m  OK  [0m] Started [0;1;39mssh.service[0m - OpenBSD Secure Shell server.


[[0;32m  OK  [0m] Started [0;1;39mcups.service[0m - CUPS Scheduler.


[   20.850588] rk_hdmirx fdee0000.hdmirx-controller: hdmirx_cancel_cpu_limit_freq freq qos nod add
[   20.870539] rk_hdmirx fdee0000.hdmirx-controller: hdmirx_cancel_cpu_limit_freq freq qos nod add
[   20.941347] rk_hdmirx fdee0000.hdmirx-controller: hdmirx_audio_startup: device is no connected or audio is off
[   20.941377] hdmi-audio-codec hdmi-audio-codec.15.auto: ASoC: error at snd_soc_dai_startup on i2s-hifi: -19
[   20.941392]  rockchip,hdmiin: ASoC: error at __soc_pcm_open on rockchip,hdmiin: -19
[   20.952954] rk_hdmirx fdee0000.hdmirx-controller: hdmirx_audio_startup: device is no connected or audio is off
[   20.952985] hdmi-audio-codec hdmi-audio-codec.15.auto: ASoC: error at snd_soc_dai_startup on i2s-hifi: -19
[   20.953004]  rockchip,hdmiin: ASoC: error at __soc_pcm_open on rockchip,hdmiin: -19
[   20.964315] rk_hdmirx fdee0000.hdmirx-controller: hdmirx_audio_startup: device is no connected or audio is off
[   20.964335] hdmi-audio-codec hdmi-audio-codec.15.auto: ASoC: error at snd_soc_dai_startup on i2s-hifi: -19
[   20.964347]  rockchip,hdmiin: ASoC: error at __soc_pcm_open on rockchip,hdmiin: -19
[   20.976874] rk_hdmirx fdee0000.hdmirx-controller: hdmirx_audio_startup: device is no connected or audio is off
[   20.976906] hdmi-audio-codec hdmi-audio-codec.15.auto: ASoC: error at snd_soc_dai_startup on i2s-hifi: -19
[   20.976919]  rockchip,hdmiin: ASoC: error at __soc_pcm_open on rockchip,hdmiin: -19


Debian GNU/Linux 12 rock-5b-plus ttyFIQ0

rock-5b-plus login: radxa

Password: 
Linux rock-5b-plus 6.1.43-15-rk2312 #3176a44da SMP Wed Jul 31 04:27:40 UTC 2024 aarch64

The programs included with the Debian GNU/Linux system are free software;
the exact distribution terms for each program are described in the
individual files in /usr/share/doc/*/copyright.

Debian GNU/Linux comes with ABSOLUTELY NO WARRANTY, to the extent
permitted by applicable law.
Last login: Sat Mar 22 16:15:48 UTC 2025 on ttyFIQ0
[?2004hradxa@rock-5b-plus:~$ [   37.467203] rk_hdmirx fdee0000.hdmirx-controller: hdmirx_cancel_cpu_limit_freq freq qos nod add
[   37.540503] rk_hdmirx fdee0000.hdmirx-controller: hdmirx_cancel_cpu_limit_freq freq qos nod add
[   37.557223] rk_hdmirx fdee0000.hdmirx-controller: hdmirx_cancel_cpu_limit_freq freq qos nod add
[   37.622095] rk_hdmirx fdee0000.hdmirx-controller: hdmirx_audio_startup: device is no connected or audio is off
[   37.622123] hdmi-audio-codec hdmi-audio-codec.15.auto: ASoC: error at snd_soc_dai_startup on i2s-hifi: -19
[   37.622136]  rockchip,hdmiin: ASoC: error at __soc_pcm_open on rockchip,hdmiin: -19
[   37.633294] rk_hdmirx fdee0000.hdmirx-controller: hdmirx_audio_startup: device is no connected or audio is off
[   37.633310] hdmi-audio-codec hdmi-audio-codec.15.auto: ASoC: error at snd_soc_dai_startup on i2s-hifi: -19
[   37.633319]  rockchip,hdmiin: ASoC: error at __soc_pcm_open on rockchip,hdmiin: -19
[   37.644455] rk_hdmirx fdee0000.hdmirx-controller: hdmirx_audio_startup: device is no connected or audio is off
[   37.644467] hdmi-audio-codec hdmi-audio-codec.15.auto: ASoC: error at snd_soc_dai_startup on i2s-hifi: -19
[   37.644474]  rockchip,hdmiin: ASoC: error at __soc_pcm_open on rockchip,hdmiin: -19
[   37.656600] rk_hdmirx fdee0000.hdmirx-controller: hdmirx_audio_startup: device is no connected or audio is off
[   37.656613] hdmi-audio-codec hdmi-audio-codec.15.auto: ASoC: error at snd_soc_dai_startup on i2s-hifi: -19
[   37.656621]  rockchip,hdmiin: ASoC: error at __soc_pcm_open on rockchip,hdmiin: -19

[?2004l
[?2004hradxa@rock-5b-plus:~$ 
[?2004l
[?2004hradxa@rock-5b-plus:~$ 
[?2004l
[?2004hradxa@rock-5b-plus:~$ 
[?2004l
[?2004hradxa@rock-5b-plus:~$ ps -a
[?2004l
    PID TTY          TIME CMD
   1366 tty1     00:00:00 Xorg
   1378 tty1     00:00:00 dbus-run-sessio
   1379 tty1     00:00:00 dbus-daemon
   1380 tty1     00:00:00 gnome-session-b
   1387 tty1     00:00:00 at-spi-bus-laun
   1392 tty1     00:00:00 dbus-daemon
   1399 tty1     00:00:02 gnome-shell
   1421 tty1     00:00:00 xdg-permission-
   1435 tty1     00:00:00 at-spi2-registr
   1440 tty1     00:00:00 gsd-color
   1445 tty1     00:00:00 gsd-print-notif
   1446 tty1     00:00:00 gsd-a11y-settin
   1449 tty1     00:00:00 gsd-power
   1450 tty1     00:00:00 gsd-media-keys
   1453 tty1     00:00:00 gsd-rfkill
   1454 tty1     00:00:00 gsd-keyboard
   1455 tty1     00:00:00 gsd-wacom
   1462 tty1     00:00:00 gsd-housekeepin
   1463 tty1     00:00:00 gsd-sound
   1467 tty1     00:00:00 gsd-datetime
   1468 tty1     00:00:00 gsd-smartcard
   1469 tty1     00:00:00 gsd-screensaver
   1473 tty1     00:00:00 gsd-sharing
   1578 tty1     00:00:00 gsd-printer
   1635 ttyFIQ0  00:00:00 bash
   1647 ttyFIQ0  00:00:00 ps
[?2004hradxa@rock-5b-plus:~$ 
[?2004l
[?2004hradxa@rock-5b-plus:~$ 
[?2004l
[?2004hradxa@rock-5b-plus:~$ 
[?2004l
[?2004hradxa@rock-5b-plus:~$ pstree
[?2004l
systemd─┬─NetworkManager───2*[{NetworkManager}]
        ├─accounts-daemon───2*[{accounts-daemon}]
        ├─at-spi-bus-laun─┬─dbus-daemon
        │                 └─3*[{at-spi-bus-laun}]
        ├─at-spi2-registr───2*[{at-spi2-registr}]
        ├─avahi-daemon───avahi-daemon
        ├─bluetoothd
        ├─cupsd───3*[dbus]
        ├─dbus-daemon
        ├─dnsmasq
        ├─fprintd───4*[{fprintd}]
        ├─gdm3─┬─gdm-session-wor─┬─gdm-x-session─┬─Xorg───{Xorg}
        │      │                 │               ├─dbus-run-sessio─┬─dbus-daemo+
        │      │                 │               │                 └─gnome-sess+
        │      │                 │               └─2*[{gdm-x-session}]
        │      │                 └─2*[{gdm-session-wor}]
        │      └─2*[{gdm3}]
        ├─gsd-printer───2*[{gsd-printer}]
        ├─haveged
        ├─login───bash───pstree
        ├─packagekitd───2*[{packagekitd}]
        ├─polkitd───2*[{polkitd}]
        ├─rknn_server───8*[{rknn_server}]
        ├─sshd
        ├─2*[systemd─┬─(sd-pam)]
        │            ├─dbus-daemon]
        │            ├─pipewire───{pipewire}]
        │            ├─pipewire-pulse───{pipewire-pulse}]
        │            └─wireplumber───2*[{wireplumber}]]
        ├─systemd-hostnam
        ├─systemd-journal
        ├─systemd-localed
        ├─systemd-logind
        ├─systemd-timesyn───{systemd-timesyn}
        ├─systemd-udevd
        ├─udisksd───4*[{udisksd}]
        ├─upowerd───2*[{upowerd}]
        ├─wpa_supplicant
        └─xdg-permission-───2*[{xdg-permission-}]
[?2004hradxa@rock-5b-plus:~$ 
[?2004l
[?2004hradxa@rock-5b-plus:~$ 
[?2004l
[?2004hradxa@rock-5b-plus:~$ 
[?2004l
[?2004hradxa@rock-5b-plus:~$ 
[?2004l
[?2004hradxa@rock-5b-plus:~$ 
